Info: Starting: Create block symbol file (.bsf)
Info: qsys-generate "D:\Public Documents\UFBA\2019.1\LAB IV\Lab4\audioProcessor\InterfaceAvalon.qsys" --block-symbol-file --output-directory="D:\Public Documents\UFBA\2019.1\LAB IV\Lab4\audioProcessor\InterfaceAvalon" --family="Cyclone IV E" --part=EP4CE10E22A7
Progress: Loading audioProcessor/InterfaceAvalon.qsys
Progress: Reading input file
Progress: Adding clk_0 [clock_source 18.1]
Progress: Parameterizing module clk_0
Progress: Adding nios2_qsys_0 [altera_nios2_qsys 16.1]
Progress: Parameterizing module nios2_qsys_0
Progress: Adding onchip_memory2_0 [altera_avalon_onchip_memory2 18.1]
Progress: Parameterizing module onchip_memory2_0
Progress: Building connections
Progress: Parameterizing connections
Progress: Validating
Progress: Done reading input file
Warning: InterfaceAvalon.nios2_qsys_0: Nios II Classic cores are no longer recommended for new projects
Info: qsys-generate succeeded.
Info: Finished: Create block symbol file (.bsf)
Info: 
Info: Starting: Create HDL design files for synthesis
Info: qsys-generate "D:\Public Documents\UFBA\2019.1\LAB IV\Lab4\audioProcessor\InterfaceAvalon.qsys" --synthesis=VERILOG --output-directory="D:\Public Documents\UFBA\2019.1\LAB IV\Lab4\audioProcessor\InterfaceAvalon\synthesis" --family="Cyclone IV E" --part=EP4CE10E22A7
Progress: Loading audioProcessor/InterfaceAvalon.qsys
Progress: Reading input file
Progress: Adding clk_0 [clock_source 18.1]
Progress: Parameterizing module clk_0
Progress: Adding nios2_qsys_0 [altera_nios2_qsys 16.1]
Progress: Parameterizing module nios2_qsys_0
Progress: Adding onchip_memory2_0 [altera_avalon_onchip_memory2 18.1]
Progress: Parameterizing module onchip_memory2_0
Progress: Building connections
Progress: Parameterizing connections
Progress: Validating
Progress: Done reading input file
Warning: InterfaceAvalon.nios2_qsys_0: Nios II Classic cores are no longer recommended for new projects
Info: InterfaceAvalon: Generating InterfaceAvalon "InterfaceAvalon" for QUARTUS_SYNTH
Info: nios2_qsys_0: Starting RTL generation for module 'InterfaceAvalon_nios2_qsys_0'
Info: nios2_qsys_0:   Generation command is [exec D:/intelfpga_lite/18.1/quartus/bin64/eperlcmd.exe -I D:/intelfpga_lite/18.1/quartus/bin64/perl/lib -I D:/intelfpga_lite/18.1/quartus/sopc_builder/bin/europa -I D:/intelfpga_lite/18.1/quartus/sopc_builder/bin/perl_lib -I D:/intelfpga_lite/18.1/quartus/sopc_builder/bin -I D:/intelfpga_lite/18.1/quartus/../ip/altera/nios2_ip/altera_nios2/cpu_lib -I D:/intelfpga_lite/18.1/quartus/../ip/altera/nios2_ip/altera_nios2/nios_lib -I D:/intelfpga_lite/18.1/quartus/../ip/altera/nios2_ip/altera_nios2 -I D:/intelfpga_lite/18.1/quartus/../ip/altera/nios2_ip/altera_nios2 -- D:/intelfpga_lite/18.1/quartus/../ip/altera/nios2_ip/altera_nios2/generate_rtl.epl --name=InterfaceAvalon_nios2_qsys_0 --dir=C:/Users/Antonio/AppData/Local/Temp/alt8012_5389103027618246445.dir/0002_nios2_qsys_0_gen/ --quartus_bindir=D:/intelfpga_lite/18.1/quartus/bin64 --verilog --config=C:/Users/Antonio/AppData/Local/Temp/alt8012_5389103027618246445.dir/0002_nios2_qsys_0_gen//InterfaceAvalon_nios2_qsys_0_processor_configuration.pl  --do_build_sim=0  ]
Info: nios2_qsys_0: # 2019.04.25 22:38:48 (*) Starting Nios II generation
Info: nios2_qsys_0: # 2019.04.25 22:38:48 (*)   Checking for plaintext license.
Info: nios2_qsys_0: # 2019.04.25 22:38:50 (*)   Couldn't query license setup in Quartus directory D:/intelfpga_lite/18.1/quartus/bin64
Info: nios2_qsys_0: # 2019.04.25 22:38:50 (*)   Defaulting to contents of LM_LICENSE_FILE environment variable
Info: nios2_qsys_0: # 2019.04.25 22:38:50 (*)   LM_LICENSE_FILE environment variable is empty
Info: nios2_qsys_0: # 2019.04.25 22:38:50 (*)   Plaintext license not found.
Info: nios2_qsys_0: # 2019.04.25 22:38:50 (*)   No license required to generate encrypted Nios II/e.
Info: nios2_qsys_0: # 2019.04.25 22:38:50 (*)   Elaborating CPU configuration settings
Info: nios2_qsys_0: # 2019.04.25 22:38:50 (*)   Creating all objects for CPU
Info: nios2_qsys_0: # 2019.04.25 22:38:51 (*)   Generating RTL from CPU objects
Info: nios2_qsys_0: # 2019.04.25 22:38:51 (*)   Creating plain-text RTL
Info: nios2_qsys_0: # 2019.04.25 22:38:53 (*) Done Nios II generation
Info: nios2_qsys_0: Done RTL generation for module 'InterfaceAvalon_nios2_qsys_0'
Info: nios2_qsys_0: "InterfaceAvalon" instantiated altera_nios2_qsys "nios2_qsys_0"
Info: onchip_memory2_0: Starting RTL generation for module 'InterfaceAvalon_onchip_memory2_0'
Info: onchip_memory2_0:   Generation command is [exec D:/intelfpga_lite/18.1/quartus/bin64/perl/bin/perl.exe -I D:/intelfpga_lite/18.1/quartus/bin64/perl/lib -I D:/intelfpga_lite/18.1/quartus/sopc_builder/bin/europa -I D:/intelfpga_lite/18.1/quartus/sopc_builder/bin/perl_lib -I D:/intelfpga_lite/18.1/quartus/sopc_builder/bin -I D:/intelfpga_lite/18.1/quartus/../ip/altera/sopc_builder_ip/common -I D:/intelfpga_lite/18.1/quartus/../ip/altera/sopc_builder_ip/altera_avalon_onchip_memory2 -- D:/intelfpga_lite/18.1/quartus/../ip/altera/sopc_builder_ip/altera_avalon_onchip_memory2/generate_rtl.pl --name=InterfaceAvalon_onchip_memory2_0 --dir=C:/Users/Antonio/AppData/Local/Temp/alt8012_5389103027618246445.dir/0003_onchip_memory2_0_gen/ --quartus_dir=D:/intelfpga_lite/18.1/quartus --verilog --config=C:/Users/Antonio/AppData/Local/Temp/alt8012_5389103027618246445.dir/0003_onchip_memory2_0_gen//InterfaceAvalon_onchip_memory2_0_component_configuration.pl  --do_build_sim=0  ]
Info: onchip_memory2_0: Done RTL generation for module 'InterfaceAvalon_onchip_memory2_0'
Info: onchip_memory2_0: "InterfaceAvalon" instantiated altera_avalon_onchip_memory2 "onchip_memory2_0"
Info: avalon_st_adapter: Inserting error_adapter: error_adapter_0
Info: avalon_st_adapter_001: Inserting error_adapter: error_adapter_0
Info: mm_interconnect_0: "InterfaceAvalon" instantiated altera_mm_interconnect "mm_interconnect_0"
Info: irq_mapper: "InterfaceAvalon" instantiated altera_irq_mapper "irq_mapper"
Info: rst_controller: "InterfaceAvalon" instantiated altera_reset_controller "rst_controller"
Info: nios2_qsys_0_data_master_translator: "mm_interconnect_0" instantiated altera_merlin_master_translator "nios2_qsys_0_data_master_translator"
Info: nios2_qsys_0_jtag_debug_module_translator: "mm_interconnect_0" instantiated altera_merlin_slave_translator "nios2_qsys_0_jtag_debug_module_translator"
Info: nios2_qsys_0_data_master_agent: "mm_interconnect_0" instantiated altera_merlin_master_agent "nios2_qsys_0_data_master_agent"
Info: nios2_qsys_0_jtag_debug_module_agent: "mm_interconnect_0" instantiated altera_merlin_slave_agent "nios2_qsys_0_jtag_debug_module_agent"
Info: nios2_qsys_0_jtag_debug_module_agent_rsp_fifo: "mm_interconnect_0" instantiated altera_avalon_sc_fifo "nios2_qsys_0_jtag_debug_module_agent_rsp_fifo"
Info: router: "mm_interconnect_0" instantiated altera_merlin_router "router"
Info: router_002: "mm_interconnect_0" instantiated altera_merlin_router "router_002"
Info: cmd_demux: "mm_interconnect_0" instantiated altera_merlin_demultiplexer "cmd_demux"
Info: cmd_mux: "mm_interconnect_0" instantiated altera_merlin_multiplexer "cmd_mux"
Info: rsp_mux: "mm_interconnect_0" instantiated altera_merlin_multiplexer "rsp_mux"
Info: Reusing file D:/Public Documents/UFBA/2019.1/LAB IV/Lab4/audioProcessor/InterfaceAvalon/synthesis/submodules/altera_merlin_arbitrator.sv
Info: avalon_st_adapter: "mm_interconnect_0" instantiated altera_avalon_st_adapter "avalon_st_adapter"
Info: error_adapter_0: "avalon_st_adapter" instantiated error_adapter "error_adapter_0"
Info: InterfaceAvalon: Done "InterfaceAvalon" with 18 modules, 32 files
Info: qsys-generate succeeded.
Info: Finished: Create HDL design files for synthesis
