Flow report for niosAudio
Thu May 02 22:23:39 2019
Quartus Prime Version 17.1.0 Build 590 10/25/2017 SJ Lite Edition


---------------------
; Table of Contents ;
---------------------
  1. Legal Notice
  2. Flow Summary
  3. Flow Settings
  4. Flow Non-Default Global Settings
  5. Flow Elapsed Time
  6. Flow OS Summary
  7. Flow Log
  8. Flow Messages
  9. Flow Suppressed Messages



----------------
; Legal Notice ;
----------------
Copyright (C) 2017  Intel Corporation. All rights reserved.
Your use of Intel Corporation's design tools, logic functions 
and other software and tools, and its AMPP partner logic 
functions, and any output files from any of the foregoing 
(including device programming or simulation files), and any 
associated documentation or information are expressly subject 
to the terms and conditions of the Intel Program License 
Subscription Agreement, the Intel Quartus Prime License Agreement,
the Intel FPGA IP License Agreement, or other applicable license
agreement, including, without limitation, that your use is for
the sole purpose of programming logic devices manufactured by
Intel and sold by Intel or its authorized distributors.  Please
refer to the applicable agreement for further details.



+----------------------------------------------------------------------------------+
; Flow Summary                                                                     ;
+------------------------------------+---------------------------------------------+
; Flow Status                        ; Successful - Thu May 02 22:23:39 2019       ;
; Quartus Prime Version              ; 17.1.0 Build 590 10/25/2017 SJ Lite Edition ;
; Revision Name                      ; niosAudio                                   ;
; Top-level Entity Name              ; niosAudio                                   ;
; Family                             ; Cyclone IV E                                ;
; Device                             ; EP4CE115F29C7                               ;
; Timing Models                      ; Final                                       ;
; Total logic elements               ; 1,570                                       ;
;     Total combinational functions  ; 1,394                                       ;
;     Dedicated logic registers      ; 842                                         ;
; Total registers                    ; 842                                         ;
; Total pins                         ; 5                                           ;
; Total virtual pins                 ; 0                                           ;
; Total memory bits                  ; 731,136                                     ;
; Embedded Multiplier 9-bit elements ; 0                                           ;
; Total PLLs                         ; 0                                           ;
+------------------------------------+---------------------------------------------+


+-----------------------------------------+
; Flow Settings                           ;
+-------------------+---------------------+
; Option            ; Setting             ;
+-------------------+---------------------+
; Start date & time ; 05/02/2019 22:23:10 ;
; Main task         ; Compilation         ;
; Revision Name     ; niosAudio           ;
+-------------------+---------------------+


+--------------------------------------------------------------------------------------------------------------------------------------------------------+
; Flow Non-Default Global Settings                                                                                                                       ;
+-------------------------------------+-------------------------------------------------------------------+---------------+-----------------+------------+
; Assignment Name                     ; Value                                                             ; Default Value ; Entity Name     ; Section Id ;
+-------------------------------------+-------------------------------------------------------------------+---------------+-----------------+------------+
; COMPILER_SIGNATURE_ID               ; 193866619650265.155684659009208                                   ; --            ; --              ; --         ;
; MAX_CORE_JUNCTION_TEMP              ; 85                                                                ; --            ; --              ; --         ;
; MIN_CORE_JUNCTION_TEMP              ; 0                                                                 ; --            ; --              ; --         ;
; MISC_FILE                           ; InterfaceAvalon/synthesis/../InterfaceAvalon.cmp                  ; --            ; --              ; --         ;
; MISC_FILE                           ; InterfaceAvalon/synthesis/../../InterfaceAvalon.qsys              ; --            ; --              ; --         ;
; NOMINAL_CORE_SUPPLY_VOLTAGE         ; 1.2V                                                              ; --            ; --              ; --         ;
; PARTITION_COLOR                     ; -- (Not supported for targeted family)                            ; --            ; --              ; Top        ;
; PARTITION_FITTER_PRESERVATION_LEVEL ; -- (Not supported for targeted family)                            ; --            ; --              ; Top        ;
; PARTITION_NETLIST_TYPE              ; -- (Not supported for targeted family)                            ; --            ; --              ; Top        ;
; POWER_BOARD_THERMAL_MODEL           ; None (CONSERVATIVE)                                               ; --            ; --              ; --         ;
; POWER_PRESET_COOLING_SOLUTION       ; 23 MM HEAT SINK WITH 200 LFPM AIRFLOW                             ; --            ; --              ; --         ;
; PROJECT_OUTPUT_DIRECTORY            ; output_files                                                      ; --            ; --              ; --         ;
; SLD_FILE                            ; InterfaceAvalon/synthesis/InterfaceAvalon.debuginfo               ; --            ; --              ; --         ;
; SLD_INFO                            ; QSYS_NAME InterfaceAvalon HAS_SOPCINFO 1 GENERATION_ID 1556846310 ; --            ; InterfaceAvalon ; --         ;
; SOPCINFO_FILE                       ; InterfaceAvalon/synthesis/../../InterfaceAvalon.sopcinfo          ; --            ; --              ; --         ;
; SYNTHESIS_ONLY_QIP                  ; On                                                                ; --            ; --              ; --         ;
+-------------------------------------+-------------------------------------------------------------------+---------------+-----------------+------------+


+--------------------------------------------------------------------------------------------------------------------------+
; Flow Elapsed Time                                                                                                        ;
+----------------------+--------------+-------------------------+---------------------+------------------------------------+
; Module Name          ; Elapsed Time ; Average Processors Used ; Peak Virtual Memory ; Total CPU Time (on all processors) ;
+----------------------+--------------+-------------------------+---------------------+------------------------------------+
; Analysis & Synthesis ; 00:00:28     ; 1.0                     ; 4921 MB             ; 00:00:46                           ;
; Total                ; 00:00:28     ; --                      ; --                  ; 00:00:46                           ;
+----------------------+--------------+-------------------------+---------------------+------------------------------------+


+------------------------------------------------------------------------------------+
; Flow OS Summary                                                                    ;
+----------------------+------------------+------------+------------+----------------+
; Module Name          ; Machine Hostname ; OS Name    ; OS Version ; Processor type ;
+----------------------+------------------+------------+------------+----------------+
; Analysis & Synthesis ; LB21PC05         ; Windows 10 ; 10.0       ; x86_64         ;
+----------------------+------------------+------------+------------+----------------+


------------
; Flow Log ;
------------
quartus_map --read_settings_files=on --write_settings_files=off niosAudio -c niosAudio



