Analysis & Synthesis report for audioProcessor
Wed Apr 17 23:34:45 2019
Quartus Prime Version 18.1.0 Build 625 09/12/2018 SJ Lite Edition


---------------------
; Table of Contents ;
---------------------
  1. Legal Notice
  2. Analysis & Synthesis Summary
  3. Analysis & Synthesis Settings
  4. Parallel Compilation
  5. Analysis & Synthesis IP Cores Summary
  6. Analysis & Synthesis Messages
  7. Analysis & Synthesis Suppressed Messages



----------------
; Legal Notice ;
----------------
Copyright (C) 2018  Intel Corporation. All rights reserved.
Your use of Intel Corporation's design tools, logic functions 
and other software and tools, and its AMPP partner logic 
functions, and any output files from any of the foregoing 
(including device programming or simulation files), and any 
associated documentation or information are expressly subject 
to the terms and conditions of the Intel Program License 
Subscription Agreement, the Intel Quartus Prime License Agreement,
the Intel FPGA IP License Agreement, or other applicable license
agreement, including, without limitation, that your use is for
the sole purpose of programming logic devices manufactured by
Intel and sold by Intel or its authorized distributors.  Please
refer to the applicable agreement for further details.



+----------------------------------------------------------------------------------+
; Analysis & Synthesis Summary                                                     ;
+------------------------------------+---------------------------------------------+
; Analysis & Synthesis Status        ; Failed - Wed Apr 17 23:34:45 2019           ;
; Quartus Prime Version              ; 18.1.0 Build 625 09/12/2018 SJ Lite Edition ;
; Revision Name                      ; audioProcessor                              ;
; Top-level Entity Name              ; audioProcessor                              ;
; Family                             ; Cyclone IV E                                ;
; Total logic elements               ; N/A until Partition Merge                   ;
;     Total combinational functions  ; N/A until Partition Merge                   ;
;     Dedicated logic registers      ; N/A until Partition Merge                   ;
; Total registers                    ; N/A until Partition Merge                   ;
; Total pins                         ; N/A until Partition Merge                   ;
; Total virtual pins                 ; N/A until Partition Merge                   ;
; Total memory bits                  ; N/A until Partition Merge                   ;
; Embedded Multiplier 9-bit elements ; N/A until Partition Merge                   ;
; Total PLLs                         ; N/A until Partition Merge                   ;
+------------------------------------+---------------------------------------------+


+------------------------------------------------------------------------------------------------------------+
; Analysis & Synthesis Settings                                                                              ;
+------------------------------------------------------------------+--------------------+--------------------+
; Option                                                           ; Setting            ; Default Value      ;
+------------------------------------------------------------------+--------------------+--------------------+
; Top-level entity name                                            ; audioProcessor     ; audioProcessor     ;
; Family name                                                      ; Cyclone IV E       ; Cyclone V          ;
; Use smart compilation                                            ; Off                ; Off                ;
; Enable parallel Assembler and Timing Analyzer during compilation ; On                 ; On                 ;
; Enable compact report table                                      ; Off                ; Off                ;
; Restructure Multiplexers                                         ; Auto               ; Auto               ;
; Create Debugging Nodes for IP Cores                              ; Off                ; Off                ;
; Preserve fewer node names                                        ; On                 ; On                 ;
; Intel FPGA IP Evaluation Mode                                    ; Enable             ; Enable             ;
; Verilog Version                                                  ; Verilog_2001       ; Verilog_2001       ;
; VHDL Version                                                     ; VHDL_1993          ; VHDL_1993          ;
; State Machine Processing                                         ; Auto               ; Auto               ;
; Safe State Machine                                               ; Off                ; Off                ;
; Extract Verilog State Machines                                   ; On                 ; On                 ;
; Extract VHDL State Machines                                      ; On                 ; On                 ;
; Ignore Verilog initial constructs                                ; Off                ; Off                ;
; Iteration limit for constant Verilog loops                       ; 5000               ; 5000               ;
; Iteration limit for non-constant Verilog loops                   ; 250                ; 250                ;
; Add Pass-Through Logic to Inferred RAMs                          ; On                 ; On                 ;
; Infer RAMs from Raw Logic                                        ; On                 ; On                 ;
; Parallel Synthesis                                               ; On                 ; On                 ;
; DSP Block Balancing                                              ; Auto               ; Auto               ;
; NOT Gate Push-Back                                               ; On                 ; On                 ;
; Power-Up Don't Care                                              ; On                 ; On                 ;
; Remove Redundant Logic Cells                                     ; Off                ; Off                ;
; Remove Duplicate Registers                                       ; On                 ; On                 ;
; Ignore CARRY Buffers                                             ; Off                ; Off                ;
; Ignore CASCADE Buffers                                           ; Off                ; Off                ;
; Ignore GLOBAL Buffers                                            ; Off                ; Off                ;
; Ignore ROW GLOBAL Buffers                                        ; Off                ; Off                ;
; Ignore LCELL Buffers                                             ; Off                ; Off                ;
; Ignore SOFT Buffers                                              ; On                 ; On                 ;
; Limit AHDL Integers to 32 Bits                                   ; Off                ; Off                ;
; Optimization Technique                                           ; Balanced           ; Balanced           ;
; Carry Chain Length                                               ; 70                 ; 70                 ;
; Auto Carry Chains                                                ; On                 ; On                 ;
; Auto Open-Drain Pins                                             ; On                 ; On                 ;
; Perform WYSIWYG Primitive Resynthesis                            ; Off                ; Off                ;
; Auto ROM Replacement                                             ; On                 ; On                 ;
; Auto RAM Replacement                                             ; On                 ; On                 ;
; Auto DSP Block Replacement                                       ; On                 ; On                 ;
; Auto Shift Register Replacement                                  ; Auto               ; Auto               ;
; Allow Shift Register Merging across Hierarchies                  ; Auto               ; Auto               ;
; Auto Clock Enable Replacement                                    ; On                 ; On                 ;
; Strict RAM Replacement                                           ; Off                ; Off                ;
; Allow Synchronous Control Signals                                ; On                 ; On                 ;
; Force Use of Synchronous Clear Signals                           ; Off                ; Off                ;
; Auto RAM Block Balancing                                         ; On                 ; On                 ;
; Auto RAM to Logic Cell Conversion                                ; Off                ; Off                ;
; Auto Resource Sharing                                            ; Off                ; Off                ;
; Allow Any RAM Size For Recognition                               ; Off                ; Off                ;
; Allow Any ROM Size For Recognition                               ; Off                ; Off                ;
; Allow Any Shift Register Size For Recognition                    ; Off                ; Off                ;
; Use LogicLock Constraints during Resource Balancing              ; On                 ; On                 ;
; Ignore translate_off and synthesis_off directives                ; Off                ; Off                ;
; Timing-Driven Synthesis                                          ; On                 ; On                 ;
; Report Parameter Settings                                        ; On                 ; On                 ;
; Report Source Assignments                                        ; On                 ; On                 ;
; Report Connectivity Checks                                       ; On                 ; On                 ;
; Ignore Maximum Fan-Out Assignments                               ; Off                ; Off                ;
; Synchronization Register Chain Length                            ; 2                  ; 2                  ;
; Power Optimization During Synthesis                              ; Normal compilation ; Normal compilation ;
; HDL message level                                                ; Level2             ; Level2             ;
; Suppress Register Optimization Related Messages                  ; Off                ; Off                ;
; Number of Removed Registers Reported in Synthesis Report         ; 5000               ; 5000               ;
; Number of Swept Nodes Reported in Synthesis Report               ; 5000               ; 5000               ;
; Number of Inverted Registers Reported in Synthesis Report        ; 100                ; 100                ;
; Clock MUX Protection                                             ; On                 ; On                 ;
; Auto Gated Clock Conversion                                      ; Off                ; Off                ;
; Block Design Naming                                              ; Auto               ; Auto               ;
; SDC constraint protection                                        ; Off                ; Off                ;
; Synthesis Effort                                                 ; Auto               ; Auto               ;
; Shift Register Replacement - Allow Asynchronous Clear Signal     ; On                 ; On                 ;
; Pre-Mapping Resynthesis Optimization                             ; Off                ; Off                ;
; Analysis & Synthesis Message Level                               ; Medium             ; Medium             ;
; Disable Register Merging Across Hierarchies                      ; Auto               ; Auto               ;
; Resource Aware Inference For Block RAM                           ; On                 ; On                 ;
+------------------------------------------------------------------+--------------------+--------------------+


+------------------------------------------+
; Parallel Compilation                     ;
+----------------------------+-------------+
; Processors                 ; Number      ;
+----------------------------+-------------+
; Number detected on machine ; 8           ;
; Maximum allowed            ; 4           ;
;                            ;             ;
; Average used               ; 1.00        ;
; Maximum used               ; 1           ;
;                            ;             ;
; Usage by Processor         ; % Time Used ;
;     Processor 1            ; 100.0%      ;
+----------------------------+-------------+


+-----------------------------------------------------------------------------------------------------------------+
; Analysis & Synthesis IP Cores Summary                                                                           ;
+--------+--------------+---------+--------------+--------------+-------------------------------+-----------------+
; Vendor ; IP Core Name ; Version ; Release Date ; License Type ; Entity Instance               ; IP Include File ;
+--------+--------------+---------+--------------+--------------+-------------------------------+-----------------+
; Altera ; ROM: 1-PORT  ; 18.1    ; N/A          ; N/A          ; |audioProcessor|romMemory:rom ; romMemory.v     ;
+--------+--------------+---------+--------------+--------------+-------------------------------+-----------------+


+-------------------------------+
; Analysis & Synthesis Messages ;
+-------------------------------+
Info: *******************************************************************
Info: Running Quartus Prime Analysis & Synthesis
    Info: Version 18.1.0 Build 625 09/12/2018 SJ Lite Edition
    Info: Processing started: Wed Apr 17 23:34:00 2019
Info: Command: quartus_map --read_settings_files=on --write_settings_files=off audioProcessor -c audioProcessor
Warning (18236): Number of processors has not been specified which may cause overloading on shared machines.  Set the global assignment NUM_PARALLEL_PROCESSORS in your QSF to an appropriate value for best performance.
Info (20030): Parallel compilation is enabled and will use 4 of the 4 processors detected
Info (12021): Found 1 design units, including 1 entities, in source file codecinterface.v
    Info (12023): Found entity 1: codecInterface File: E:/Shay/Documents/UFBA/20191/Lab4/Lab4/audioProcessor/codecInterface.v Line: 1
Info (12021): Found 1 design units, including 1 entities, in source file audioprocessor.v
    Info (12023): Found entity 1: audioProcessor File: E:/Shay/Documents/UFBA/20191/Lab4/Lab4/audioProcessor/audioprocessor.v Line: 1
Info (12021): Found 1 design units, including 1 entities, in source file memocontroller.v
    Info (12023): Found entity 1: memoController File: E:/Shay/Documents/UFBA/20191/Lab4/Lab4/audioProcessor/memoController.v Line: 1
Info (12021): Found 1 design units, including 1 entities, in source file rommemory.v
    Info (12023): Found entity 1: romMemory File: E:/Shay/Documents/UFBA/20191/Lab4/Lab4/audioProcessor/romMemory.v Line: 39
Warning (10236): Verilog HDL Implicit Net warning at audioprocessor.v(41): created implicit net for "blck" File: E:/Shay/Documents/UFBA/20191/Lab4/Lab4/audioProcessor/audioprocessor.v Line: 41
Info (12127): Elaborating entity "audioProcessor" for the top level hierarchy
Warning (10034): Output port "readdata" at audioprocessor.v(6) has no driver File: E:/Shay/Documents/UFBA/20191/Lab4/Lab4/audioProcessor/audioprocessor.v Line: 6
Warning (10034): Output port "waitrequest" at audioprocessor.v(7) has no driver File: E:/Shay/Documents/UFBA/20191/Lab4/Lab4/audioProcessor/audioprocessor.v Line: 7
Warning (10034): Output port "bclk" at audioprocessor.v(9) has no driver File: E:/Shay/Documents/UFBA/20191/Lab4/Lab4/audioProcessor/audioprocessor.v Line: 9
Info (12128): Elaborating entity "codecInterface" for hierarchy "codecInterface:codecInt" File: E:/Shay/Documents/UFBA/20191/Lab4/Lab4/audioProcessor/audioprocessor.v Line: 43
Warning (10858): Verilog HDL warning at codecInterface.v(22): object bclk_counter_max used but never assigned File: E:/Shay/Documents/UFBA/20191/Lab4/Lab4/audioProcessor/codecInterface.v Line: 22
Warning (10230): Verilog HDL assignment warning at codecInterface.v(43): truncated value with size 32 to match size of target (8) File: E:/Shay/Documents/UFBA/20191/Lab4/Lab4/audioProcessor/codecInterface.v Line: 43
Warning (10230): Verilog HDL assignment warning at codecInterface.v(66): truncated value with size 32 to match size of target (12) File: E:/Shay/Documents/UFBA/20191/Lab4/Lab4/audioProcessor/codecInterface.v Line: 66
Warning (10230): Verilog HDL assignment warning at codecInterface.v(77): truncated value with size 32 to match size of target (4) File: E:/Shay/Documents/UFBA/20191/Lab4/Lab4/audioProcessor/codecInterface.v Line: 77
Warning (10030): Net "bclk_counter_max" at codecInterface.v(22) has no driver or initial value, using a default initial value '0' File: E:/Shay/Documents/UFBA/20191/Lab4/Lab4/audioProcessor/codecInterface.v Line: 22
Info (12128): Elaborating entity "memoController" for hierarchy "memoController:memoInt" File: E:/Shay/Documents/UFBA/20191/Lab4/Lab4/audioProcessor/audioprocessor.v Line: 52
Warning (10230): Verilog HDL assignment warning at memoController.v(35): truncated value with size 32 to match size of target (21) File: E:/Shay/Documents/UFBA/20191/Lab4/Lab4/audioProcessor/memoController.v Line: 35
Warning (10230): Verilog HDL assignment warning at memoController.v(103): truncated value with size 32 to match size of target (21) File: E:/Shay/Documents/UFBA/20191/Lab4/Lab4/audioProcessor/memoController.v Line: 103
Warning (10240): Verilog HDL Always Construct warning at memoController.v(91): inferring latch(es) for variable "addrFinal", which holds its previous value in one or more paths through the always construct File: E:/Shay/Documents/UFBA/20191/Lab4/Lab4/audioProcessor/memoController.v Line: 91
Warning (10240): Verilog HDL Always Construct warning at memoController.v(91): inferring latch(es) for variable "dataOut", which holds its previous value in one or more paths through the always construct File: E:/Shay/Documents/UFBA/20191/Lab4/Lab4/audioProcessor/memoController.v Line: 91
Info (10041): Inferred latch for "dataOut[0]" at memoController.v(91) File: E:/Shay/Documents/UFBA/20191/Lab4/Lab4/audioProcessor/memoController.v Line: 91
Info (10041): Inferred latch for "dataOut[1]" at memoController.v(91) File: E:/Shay/Documents/UFBA/20191/Lab4/Lab4/audioProcessor/memoController.v Line: 91
Info (10041): Inferred latch for "dataOut[2]" at memoController.v(91) File: E:/Shay/Documents/UFBA/20191/Lab4/Lab4/audioProcessor/memoController.v Line: 91
Info (10041): Inferred latch for "dataOut[3]" at memoController.v(91) File: E:/Shay/Documents/UFBA/20191/Lab4/Lab4/audioProcessor/memoController.v Line: 91
Info (10041): Inferred latch for "dataOut[4]" at memoController.v(91) File: E:/Shay/Documents/UFBA/20191/Lab4/Lab4/audioProcessor/memoController.v Line: 91
Info (10041): Inferred latch for "dataOut[5]" at memoController.v(91) File: E:/Shay/Documents/UFBA/20191/Lab4/Lab4/audioProcessor/memoController.v Line: 91
Info (10041): Inferred latch for "dataOut[6]" at memoController.v(91) File: E:/Shay/Documents/UFBA/20191/Lab4/Lab4/audioProcessor/memoController.v Line: 91
Info (10041): Inferred latch for "dataOut[7]" at memoController.v(91) File: E:/Shay/Documents/UFBA/20191/Lab4/Lab4/audioProcessor/memoController.v Line: 91
Info (10041): Inferred latch for "dataOut[8]" at memoController.v(91) File: E:/Shay/Documents/UFBA/20191/Lab4/Lab4/audioProcessor/memoController.v Line: 91
Info (10041): Inferred latch for "dataOut[9]" at memoController.v(91) File: E:/Shay/Documents/UFBA/20191/Lab4/Lab4/audioProcessor/memoController.v Line: 91
Info (10041): Inferred latch for "dataOut[10]" at memoController.v(91) File: E:/Shay/Documents/UFBA/20191/Lab4/Lab4/audioProcessor/memoController.v Line: 91
Info (10041): Inferred latch for "dataOut[11]" at memoController.v(91) File: E:/Shay/Documents/UFBA/20191/Lab4/Lab4/audioProcessor/memoController.v Line: 91
Info (10041): Inferred latch for "dataOut[12]" at memoController.v(91) File: E:/Shay/Documents/UFBA/20191/Lab4/Lab4/audioProcessor/memoController.v Line: 91
Info (10041): Inferred latch for "dataOut[13]" at memoController.v(91) File: E:/Shay/Documents/UFBA/20191/Lab4/Lab4/audioProcessor/memoController.v Line: 91
Info (10041): Inferred latch for "dataOut[14]" at memoController.v(91) File: E:/Shay/Documents/UFBA/20191/Lab4/Lab4/audioProcessor/memoController.v Line: 91
Info (10041): Inferred latch for "dataOut[15]" at memoController.v(91) File: E:/Shay/Documents/UFBA/20191/Lab4/Lab4/audioProcessor/memoController.v Line: 91
Info (10041): Inferred latch for "addrFinal[0]" at memoController.v(91) File: E:/Shay/Documents/UFBA/20191/Lab4/Lab4/audioProcessor/memoController.v Line: 91
Info (10041): Inferred latch for "addrFinal[1]" at memoController.v(91) File: E:/Shay/Documents/UFBA/20191/Lab4/Lab4/audioProcessor/memoController.v Line: 91
Info (10041): Inferred latch for "addrFinal[2]" at memoController.v(91) File: E:/Shay/Documents/UFBA/20191/Lab4/Lab4/audioProcessor/memoController.v Line: 91
Info (10041): Inferred latch for "addrFinal[3]" at memoController.v(91) File: E:/Shay/Documents/UFBA/20191/Lab4/Lab4/audioProcessor/memoController.v Line: 91
Info (10041): Inferred latch for "addrFinal[4]" at memoController.v(91) File: E:/Shay/Documents/UFBA/20191/Lab4/Lab4/audioProcessor/memoController.v Line: 91
Info (10041): Inferred latch for "addrFinal[5]" at memoController.v(91) File: E:/Shay/Documents/UFBA/20191/Lab4/Lab4/audioProcessor/memoController.v Line: 91
Info (10041): Inferred latch for "addrFinal[6]" at memoController.v(91) File: E:/Shay/Documents/UFBA/20191/Lab4/Lab4/audioProcessor/memoController.v Line: 91
Info (10041): Inferred latch for "addrFinal[7]" at memoController.v(91) File: E:/Shay/Documents/UFBA/20191/Lab4/Lab4/audioProcessor/memoController.v Line: 91
Info (10041): Inferred latch for "addrFinal[8]" at memoController.v(91) File: E:/Shay/Documents/UFBA/20191/Lab4/Lab4/audioProcessor/memoController.v Line: 91
Info (10041): Inferred latch for "addrFinal[9]" at memoController.v(91) File: E:/Shay/Documents/UFBA/20191/Lab4/Lab4/audioProcessor/memoController.v Line: 91
Info (10041): Inferred latch for "addrFinal[10]" at memoController.v(91) File: E:/Shay/Documents/UFBA/20191/Lab4/Lab4/audioProcessor/memoController.v Line: 91
Info (10041): Inferred latch for "addrFinal[11]" at memoController.v(91) File: E:/Shay/Documents/UFBA/20191/Lab4/Lab4/audioProcessor/memoController.v Line: 91
Info (10041): Inferred latch for "addrFinal[12]" at memoController.v(91) File: E:/Shay/Documents/UFBA/20191/Lab4/Lab4/audioProcessor/memoController.v Line: 91
Info (10041): Inferred latch for "addrFinal[13]" at memoController.v(91) File: E:/Shay/Documents/UFBA/20191/Lab4/Lab4/audioProcessor/memoController.v Line: 91
Info (10041): Inferred latch for "addrFinal[14]" at memoController.v(91) File: E:/Shay/Documents/UFBA/20191/Lab4/Lab4/audioProcessor/memoController.v Line: 91
Info (10041): Inferred latch for "addrFinal[15]" at memoController.v(91) File: E:/Shay/Documents/UFBA/20191/Lab4/Lab4/audioProcessor/memoController.v Line: 91
Info (10041): Inferred latch for "addrFinal[16]" at memoController.v(91) File: E:/Shay/Documents/UFBA/20191/Lab4/Lab4/audioProcessor/memoController.v Line: 91
Info (10041): Inferred latch for "addrFinal[17]" at memoController.v(91) File: E:/Shay/Documents/UFBA/20191/Lab4/Lab4/audioProcessor/memoController.v Line: 91
Info (10041): Inferred latch for "addrFinal[18]" at memoController.v(91) File: E:/Shay/Documents/UFBA/20191/Lab4/Lab4/audioProcessor/memoController.v Line: 91
Info (10041): Inferred latch for "addrFinal[19]" at memoController.v(91) File: E:/Shay/Documents/UFBA/20191/Lab4/Lab4/audioProcessor/memoController.v Line: 91
Info (10041): Inferred latch for "addrFinal[20]" at memoController.v(91) File: E:/Shay/Documents/UFBA/20191/Lab4/Lab4/audioProcessor/memoController.v Line: 91
Info (12128): Elaborating entity "romMemory" for hierarchy "romMemory:rom" File: E:/Shay/Documents/UFBA/20191/Lab4/Lab4/audioProcessor/audioprocessor.v Line: 57
Info (12128): Elaborating entity "altsyncram" for hierarchy "romMemory:rom|altsyncram:altsyncram_component" File: E:/Shay/Documents/UFBA/20191/Lab4/Lab4/audioProcessor/romMemory.v Line: 84
Info (12130): Elaborated megafunction instantiation "romMemory:rom|altsyncram:altsyncram_component" File: E:/Shay/Documents/UFBA/20191/Lab4/Lab4/audioProcessor/romMemory.v Line: 84
Info (12133): Instantiated megafunction "romMemory:rom|altsyncram:altsyncram_component" with the following parameter: File: E:/Shay/Documents/UFBA/20191/Lab4/Lab4/audioProcessor/romMemory.v Line: 84
    Info (12134): Parameter "address_aclr_a" = "NONE"
    Info (12134): Parameter "clock_enable_input_a" = "BYPASS"
    Info (12134): Parameter "clock_enable_output_a" = "BYPASS"
    Info (12134): Parameter "init_file" = "../generateMIF/initialization.mif"
    Info (12134): Parameter "intended_device_family" = "Cyclone IV E"
    Info (12134): Parameter "lpm_hint" = "ENABLE_RUNTIME_MOD=NO"
    Info (12134): Parameter "lpm_type" = "altsyncram"
    Info (12134): Parameter "numwords_a" = "65536"
    Info (12134): Parameter "operation_mode" = "ROM"
    Info (12134): Parameter "outdata_aclr_a" = "NONE"
    Info (12134): Parameter "outdata_reg_a" = "UNREGISTERED"
    Info (12134): Parameter "widthad_a" = "16"
    Info (12134): Parameter "width_a" = "16"
    Info (12134): Parameter "width_byteena_a" = "1"
Info (12021): Found 1 design units, including 1 entities, in source file db/altsyncram_huc1.tdf
    Info (12023): Found entity 1: altsyncram_huc1 File: E:/Shay/Documents/UFBA/20191/Lab4/Lab4/audioProcessor/db/altsyncram_huc1.tdf Line: 31
Info (12128): Elaborating entity "altsyncram_huc1" for hierarchy "romMemory:rom|altsyncram:altsyncram_component|altsyncram_huc1:auto_generated" File: c:/intelfpga_lite/18.1/quartus/libraries/megafunctions/altsyncram.tdf Line: 791
Error (113012): Address at line 11 exceeds the specified depth (1048576) in the Memory Initialization File "initialization.mif" File: E:/Shay/Documents/UFBA/20191/Lab4/Lab4/generateMIF/initialization.mif Line: 11
Error (113000): Memory Initialization File or Hexadecimal (Intel-Format) File "initialization.mif" contains illegal syntax at line 11 File: E:/Shay/Documents/UFBA/20191/Lab4/Lab4/generateMIF/initialization.mif Line: 11
Error (127000): Can't read Memory Initialization File or Hexadecimal (Intel-Format) File ../generateMIF/initialization.mif for ROM instance ALTSYNCRAM. If the file exists, it is not in correct format. File: E:/Shay/Documents/UFBA/20191/Lab4/Lab4/audioProcessor/romMemory.v Line: 84
Error (12152): Can't elaborate user hierarchy "romMemory:rom|altsyncram:altsyncram_component|altsyncram_huc1:auto_generated" File: c:/intelfpga_lite/18.1/quartus/libraries/megafunctions/altsyncram.tdf Line: 791
Info (144001): Generated suppressed messages file E:/Shay/Documents/UFBA/20191/Lab4/Lab4/audioProcessor/output_files/audioProcessor.map.smsg
Error: Quartus Prime Analysis & Synthesis was unsuccessful. 4 errors, 14 warnings
    Error: Peak virtual memory: 4759 megabytes
    Error: Processing ended: Wed Apr 17 23:34:46 2019
    Error: Elapsed time: 00:00:46
    Error: Total CPU time (on all processors): 00:00:24


+------------------------------------------+
; Analysis & Synthesis Suppressed Messages ;
+------------------------------------------+
The suppressed messages can be found in E:/Shay/Documents/UFBA/20191/Lab4/Lab4/audioProcessor/output_files/audioProcessor.map.smsg.


